2026-04-11 10:50:29:5029 error: [req_1775884829346_dkzs3v0li] Cast to ObjectId failed for value "analytics" (type string) at path "_id" for model "Billing"
2026-04-11 10:50:29:5029 error: [req_1775884829386_tggbxvv0n] Cast to ObjectId failed for value "analytics" (type string) at path "_id" for model "Billing"
2026-04-11 10:50:58:5058 error: [req_1775884858960_q3j0530f6] Cast to ObjectId failed for value "analytics" (type string) at path "_id" for model "Billing"
2026-04-11 10:51:17:5117 error: [req_1775884877796_04ps5p5ur] Cast to ObjectId failed for value "analytics" (type string) at path "_id" for model "Billing"
2026-04-11 10:51:20:5120 error: [req_1775884880617_qdbqblyim] Cast to ObjectId failed for value "overdue" (type string) at path "_id" for model "Billing"
2026-04-11 10:51:21:5121 error: [req_1775884881943_22s1c5yur] Cast to ObjectId failed for value "analytics" (type string) at path "_id" for model "Billing"
2026-04-11 10:51:21:5121 error: [req_1775884881948_accb25zrw] Cast to ObjectId failed for value "trends" (type string) at path "_id" for model "Billing"
2026-04-11 11:55:32:5532 error: [req_1775888732601_ifjia33n7] Cast to ObjectId failed for value "analytics" (type string) at path "_id" for model "Billing"
2026-04-11 11:55:32:5532 error: [req_1775888732680_bm69rsxdc] Cast to ObjectId failed for value "analytics" (type string) at path "_id" for model "Billing"
2026-04-11 12:00:33:033 error: [req_1775889033201_g2t7vadh4] Cast to ObjectId failed for value "analytics" (type string) at path "_id" for model "Billing"
2026-04-11 12:00:33:033 error: [req_1775889033225_n9n2olx10] Cast to ObjectId failed for value "analytics" (type string) at path "_id" for model "Billing"
2026-04-11 12:00:37:037 error: [req_1775889037547_vl4gia6hj] Cast to ObjectId failed for value "overdue" (type string) at path "_id" for model "Billing"
2026-04-11 12:00:38:038 error: [req_1775889038408_je96mu1wu] Cast to ObjectId failed for value "analytics" (type string) at path "_id" for model "Billing"
2026-04-11 12:00:38:038 error: [req_1775889038414_r6kbe6euh] Cast to ObjectId failed for value "trends" (type string) at path "_id" for model "Billing"
2026-04-11 12:14:21:1421 error: [req_1775889861025_yihjkwjn4] Cast to ObjectId failed for value "analytics" (type string) at path "_id" for model "Billing"
2026-04-11 12:14:21:1421 error: [req_1775889861077_u6baan77h] Cast to ObjectId failed for value "analytics" (type string) at path "_id" for model "Billing"
2026-04-11 12:14:30:1430 error: [req_1775889870318_ppjp1bhaz] Cast to ObjectId failed for value "overdue" (type string) at path "_id" for model "Billing"
2026-04-11 12:14:36:1436 error: [req_1775889876240_rej8sqgwn] Cast to ObjectId failed for value "analytics" (type string) at path "_id" for model "Billing"
2026-04-11 12:14:36:1436 error: [req_1775889876249_lipkep00b] Cast to ObjectId failed for value "trends" (type string) at path "_id" for model "Billing"
2026-04-11 12:14:38:1438 error: [req_1775889878262_fe8fkz2tj] Cast to ObjectId failed for value "analytics" (type string) at path "_id" for model "Billing"
2026-04-13 20:22:10:2210 error: [req_1776091930342_nia02kjka] Cast to ObjectId failed for value "analytics" (type string) at path "_id" for model "Billing"
2026-04-13 20:22:10:2210 error: [req_1776091930371_d4y2xng1v] Cast to ObjectId failed for value "analytics" (type string) at path "_id" for model "Billing"
2026-04-13 20:22:19:2219 error: [req_1776091939109_7u6ha4ri2] Cast to ObjectId failed for value "overdue" (type string) at path "_id" for model "Billing"
2026-04-13 20:22:20:2220 error: [req_1776091940994_nof8edcgd] Cast to ObjectId failed for value "analytics" (type string) at path "_id" for model "Billing"
2026-04-13 20:22:21:2221 error: [req_1776091941001_5pot06bb9] Cast to ObjectId failed for value "trends" (type string) at path "_id" for model "Billing"
2026-04-14 12:45:14:4514 error: [undefined] Cast to ObjectId failed for value "my-alerts" (type string) at path "_id" for model "Notification"
2026-04-14 12:45:14:4514 error: [undefined] Cast to ObjectId failed for value "undefined" (type string) at path "driverId" for model "Performance"
2026-04-14 12:45:14:4514 error: [undefined] Cast to ObjectId failed for value "my-alerts" (type string) at path "_id" for model "Notification"
2026-04-14 12:45:14:4514 error: [undefined] Cast to ObjectId failed for value "undefined" (type string) at path "driverId" for model "Performance"
2026-04-14 12:45:14:4514 error: [undefined] Cast to ObjectId failed for value "my-alerts" (type string) at path "_id" for model "Notification"
2026-04-14 12:45:14:4514 error: [undefined] Cast to ObjectId failed for value "undefined" (type string) at path "driverId" for model "Performance"
2026-04-14 13:02:13:213 error: [undefined] Cast to ObjectId failed for value "my-alerts" (type string) at path "_id" for model "Notification"
2026-04-14 13:02:13:213 error: [undefined] Cast to ObjectId failed for value "undefined" (type string) at path "driverId" for model "Performance"
2026-04-14 13:02:13:213 error: [undefined] Cast to ObjectId failed for value "my-alerts" (type string) at path "_id" for model "Notification"
2026-04-14 13:02:13:213 error: [undefined] Cast to ObjectId failed for value "undefined" (type string) at path "driverId" for model "Performance"
2026-04-14 13:02:13:213 error: [undefined] Cast to ObjectId failed for value "my-alerts" (type string) at path "_id" for model "Notification"
2026-04-14 13:02:13:213 error: [undefined] Cast to ObjectId failed for value "undefined" (type string) at path "driverId" for model "Performance"
2026-04-14 13:06:44:644 error: [undefined] Cast to ObjectId failed for value "my-alerts" (type string) at path "_id" for model "Notification"
2026-04-14 13:06:44:644 error: [undefined] Cast to ObjectId failed for value "undefined" (type string) at path "driverId" for model "Performance"
2026-04-14 13:06:44:644 error: [undefined] Cast to ObjectId failed for value "my-alerts" (type string) at path "_id" for model "Notification"
2026-04-14 13:06:45:645 error: [undefined] Cast to ObjectId failed for value "undefined" (type string) at path "driverId" for model "Performance"
2026-04-14 13:06:45:645 error: [undefined] Cast to ObjectId failed for value "my-alerts" (type string) at path "_id" for model "Notification"
2026-04-14 13:06:45:645 error: [undefined] Cast to ObjectId failed for value "undefined" (type string) at path "driverId" for model "Performance"
2026-04-14 18:39:58:3958 error: [undefined] Cast to ObjectId failed for value "my-alerts" (type string) at path "_id" for model "Notification"
2026-04-14 18:39:58:3958 error: [undefined] Cast to ObjectId failed for value "undefined" (type string) at path "driverId" for model "Performance"
2026-04-14 18:39:58:3958 error: [undefined] Cast to ObjectId failed for value "my-alerts" (type string) at path "_id" for model "Notification"
2026-04-14 18:39:58:3958 error: [undefined] Cast to ObjectId failed for value "undefined" (type string) at path "driverId" for model "Performance"
2026-04-14 18:55:18:5518 error: [undefined] Cast to ObjectId failed for value "my-alerts" (type string) at path "_id" for model "Notification"
2026-04-14 18:55:18:5518 error: [undefined] Cast to ObjectId failed for value "undefined" (type string) at path "driverId" for model "Performance"
2026-04-14 18:55:18:5518 error: [undefined] Cast to ObjectId failed for value "my-alerts" (type string) at path "_id" for model "Notification"
2026-04-14 18:55:18:5518 error: [undefined] Cast to ObjectId failed for value "undefined" (type string) at path "driverId" for model "Performance"
2026-04-14 18:55:18:5518 error: [undefined] Cast to ObjectId failed for value "my-alerts" (type string) at path "_id" for model "Notification"
2026-04-14 18:55:18:5518 error: [undefined] Cast to ObjectId failed for value "undefined" (type string) at path "driverId" for model "Performance"
2026-04-14 18:55:45:5545 error: [undefined] Cast to ObjectId failed for value "my-alerts" (type string) at path "_id" for model "Notification"
2026-04-14 18:55:45:5545 error: [undefined] Cast to ObjectId failed for value "undefined" (type string) at path "driverId" for model "Performance"
2026-04-14 18:55:45:5545 error: [undefined] Cast to ObjectId failed for value "my-alerts" (type string) at path "_id" for model "Notification"
2026-04-14 18:55:45:5545 error: [undefined] Cast to ObjectId failed for value "undefined" (type string) at path "driverId" for model "Performance"
2026-04-14 18:59:01:591 error: [undefined] Cast to ObjectId failed for value "my-alerts" (type string) at path "_id" for model "Notification"
2026-04-14 18:59:01:591 error: [undefined] Cast to ObjectId failed for value "undefined" (type string) at path "driverId" for model "Performance"
2026-04-14 18:59:01:591 error: [undefined] Cast to ObjectId failed for value "my-alerts" (type string) at path "_id" for model "Notification"
2026-04-14 18:59:01:591 error: [undefined] Cast to ObjectId failed for value "undefined" (type string) at path "driverId" for model "Performance"
2026-04-14 18:59:01:591 error: [undefined] Cast to ObjectId failed for value "my-alerts" (type string) at path "_id" for model "Notification"
2026-04-14 18:59:01:591 error: [undefined] Cast to ObjectId failed for value "undefined" (type string) at path "driverId" for model "Performance"
2026-04-14 19:46:04:464 error: [undefined] Cast to ObjectId failed for value "my-alerts" (type string) at path "_id" for model "Notification"
2026-04-14 19:46:04:464 error: [undefined] Cast to ObjectId failed for value "undefined" (type string) at path "driverId" for model "Performance"
2026-04-14 19:46:04:464 error: [undefined] Cast to ObjectId failed for value "my-alerts" (type string) at path "_id" for model "Notification"
2026-04-14 19:46:04:464 error: [undefined] Cast to ObjectId failed for value "undefined" (type string) at path "driverId" for model "Performance"
2026-04-14 19:46:04:464 error: [undefined] Cast to ObjectId failed for value "my-alerts" (type string) at path "_id" for model "Notification"
2026-04-14 19:46:04:464 error: [undefined] Cast to ObjectId failed for value "undefined" (type string) at path "driverId" for model "Performance"
2026-04-14 19:46:27:4627 error: [undefined] Cast to ObjectId failed for value "my-alerts" (type string) at path "_id" for model "Notification"
2026-04-14 19:46:27:4627 error: [undefined] Cast to ObjectId failed for value "undefined" (type string) at path "driverId" for model "Performance"
2026-04-14 19:46:27:4627 error: [undefined] Cast to ObjectId failed for value "my-alerts" (type string) at path "_id" for model "Notification"
2026-04-14 19:46:27:4627 error: [undefined] Cast to ObjectId failed for value "undefined" (type string) at path "driverId" for model "Performance"
2026-04-14 19:46:27:4627 error: [undefined] Cast to ObjectId failed for value "my-alerts" (type string) at path "_id" for model "Notification"
2026-04-14 19:46:27:4627 error: [undefined] Cast to ObjectId failed for value "undefined" (type string) at path "driverId" for model "Performance"
